<?xml version="1.0" encoding="UTF-8"?>
<testng-results skipped="0" failed="0" ignored="0" total="1" passed="1">
  <reporter-output>
  </reporter-output>
  <suite name="webdriverMaven.LoginTest" duration-ms="28995" started-at="2019-10-06T07:32:45Z" finished-at="2019-10-06T07:33:14Z">
    <groups>
    </groups>
    <test name="Command line test" duration-ms="28995" started-at="2019-10-06T07:32:45Z" finished-at="2019-10-06T07:33:14Z">
      <class name="webdriverMaven.LoginTest">
        <test-method status="PASS" signature="setUp()[pri:0, instance:webdriverMaven.LoginTest@2ed94a8b]" name="setUp" is-config="true" duration-ms="3772" started-at="2019-10-06T07:32:45Z" finished-at="2019-10-06T07:32:49Z">
          <reporter-output>
          </reporter-output>
        </test-method> <!-- setUp -->
        <test-method status="PASS" signature="doLogin()[pri:0, instance:webdriverMaven.LoginTest@2ed94a8b]" name="doLogin" duration-ms="24453" started-at="2019-10-06T07:32:49Z" finished-at="2019-10-06T07:33:13Z">
          <reporter-output>
          </reporter-output>
        </test-method> <!-- doLogin -->
        <test-method status="PASS" signature="tearDown()[pri:0, instance:webdriverMaven.LoginTest@2ed94a8b]" name="tearDown" is-config="true" duration-ms="747" started-at="2019-10-06T07:33:13Z" finished-at="2019-10-06T07:33:14Z">
          <reporter-output>
          </reporter-output>
        </test-method> <!-- tearDown -->
      </class> <!-- webdriverMaven.LoginTest -->
    </test> <!-- Command line test -->
  </suite> <!-- webdriverMaven.LoginTest -->
</testng-results>
