<?xml version="1.0" encoding="UTF-8"?>
<testng-results skipped="0" failed="0" ignored="0" total="1" passed="1">
  <reporter-output>
  </reporter-output>
  <suite name="Default suite" duration-ms="31119" started-at="2019-10-06T07:23:40Z" finished-at="2019-10-06T07:24:12Z">
    <groups>
    </groups>
    <test name="Default test" duration-ms="31119" started-at="2019-10-06T07:23:40Z" finished-at="2019-10-06T07:24:12Z">
      <class name="webdriverMaven.LoginTest">
        <test-method status="PASS" signature="setUp()[pri:0, instance:webdriverMaven.LoginTest@ae45eb6]" name="setUp" is-config="true" duration-ms="3260" started-at="2019-10-06T07:23:40Z" finished-at="2019-10-06T07:23:44Z">
          <reporter-output>
          </reporter-output>
        </test-method> <!-- setUp -->
        <test-method status="PASS" signature="doLogin()[pri:0, instance:webdriverMaven.LoginTest@ae45eb6]" name="doLogin" duration-ms="27136" started-at="2019-10-06T07:23:44Z" finished-at="2019-10-06T07:24:11Z">
          <reporter-output>
          </reporter-output>
        </test-method> <!-- doLogin -->
        <test-method status="PASS" signature="tearDown()[pri:0, instance:webdriverMaven.LoginTest@ae45eb6]" name="tearDown" is-config="true" duration-ms="686" started-at="2019-10-06T07:24:11Z" finished-at="2019-10-06T07:24:12Z">
          <reporter-output>
          </reporter-output>
        </test-method> <!-- tearDown -->
      </class> <!-- webdriverMaven.LoginTest -->
    </test> <!-- Default test -->
  </suite> <!-- Default suite -->
</testng-results>
